Start testing: Jun 10 08:20 Астраханское стандартное время
----------------------------------------------------------
1/17 Testing: core_tests
1/17 Test: core_tests
Command: "C:/mcp-test/aeromesh/build/core/tests/Release/aeromesh_tests.exe"
Directory: C:/mcp-test/aeromesh/build/core/tests
"core_tests" start time: Jun 10 08:20 Астраханское стандартное время
Output:
----------------------------------------------------------
frame round-trip
  [ ok ] encode succeeds
  [ ok ] frame is exactly kFrameSize bytes
  [ ok ] decode succeeds
  [ ok ] type preserved
  [ ok ] payload preserved
oversized payload rejected
  [ ok ] encode rejects > kMaxPayloadSize
  [ ok ] correct error
cover traffic frame
  [ ok ] dummy frame is full size
  [ ok ] dummy decodes to PacketType::Dummy
identity generation + share string
  [ ok ] libsodium initialises
  [ ok ] identity generated
  [ ok ] share string parses back
  [ ok ] parsed public key matches
  [ ok ] fingerprint is non-trivial
  [ ok ] identity restores from secret
  [ ok ] restored identity has same public key

ALL TESTS PASSED
<end of output>
Test time =   0.02 sec
----------------------------------------------------------
Test Passed.
"core_tests" end time: Jun 10 08:20 Астраханское стандартное время
"core_tests" time elapsed: 00:00:00
----------------------------------------------------------

2/17 Testing: dht_tests
2/17 Test: dht_tests
Command: "C:/mcp-test/aeromesh/build/core/tests/Release/aeromesh_dht_tests.exe"
Directory: C:/mcp-test/aeromesh/build/core/tests
"dht_tests" start time: Jun 10 08:20 Астраханское стандартное время
Output:
----------------------------------------------------------
node id + xor distance
  [ ok ] distance to self is zero
  [ ok ] distance is symmetric
  [ ok ] id shares all bits with itself
  [ ok ] id derivation from a key is deterministic
  [ ok ] hex is 64 chars
  [ ok ] hex round-trips
  [ ok ] malformed hex rejected
routing table closest()
  [ ok ] all distinct contacts stored
  [ ok ] self is never stored
  [ ok ] self did not change table size
  [ ok ] closest() returns the requested count
  [ ok ] closest() matches brute-force ordering
contact serialisation
  [ ok ] encode succeeds
  [ ok ] decode succeeds
  [ ok ] contact count preserved
  [ ok ] ids and endpoints preserved
  [ ok ] truncated buffer rejected
iterative lookup over simulated network
  [ ok ] bootstrap discovered the whole network via multi-hop
  [ ok ] lookup returns the globally closest contacts
  [ ok ] closest contact found first

ALL TESTS PASSED
<end of output>
Test time =   0.02 sec
----------------------------------------------------------
Test Passed.
"dht_tests" end time: Jun 10 08:20 Астраханское стандартное время
"dht_tests" time elapsed: 00:00:00
----------------------------------------------------------

3/17 Testing: onion_tests
3/17 Test: onion_tests
Command: "C:/mcp-test/aeromesh/build/core/tests/Release/aeromesh_onion_tests.exe"
Directory: C:/mcp-test/aeromesh/build/core/tests
"onion_tests" start time: Jun 10 08:20 Астраханское стандартное время
Output:
----------------------------------------------------------
three-hop onion
  [ ok ] relay keypairs derived
  [ ok ] build_onion succeeds
  [ ok ] hop 0 opens its layer
  [ ok ] hop 0 is a relay, not the exit
  [ ok ] hop 0 learns next hop = h1
  [ ok ] hop 0 cannot see the payload
  [ ok ] wrong key cannot open the outer layer
  [ ok ] hop 1 opens its layer
  [ ok ] hop 1 is a relay
  [ ok ] hop 1 learns next hop = h2
  [ ok ] hop 2 opens its layer
  [ ok ] hop 2 is the exit
  [ ok ] exit recovers the original payload
single-hop (direct) onion
  [ ok ] recipient keypair derived
  [ ok ] build_onion (1 hop) succeeds
  [ ok ] recipient is the exit
  [ ok ] direct payload recovered
onion edge cases
  [ ok ] empty path rejected
  [ ok ] over-long path rejected
  [ ok ] garbage layer fails to open

ALL TESTS PASSED
<end of output>
Test time =   0.02 sec
----------------------------------------------------------
Test Passed.
"onion_tests" end time: Jun 10 08:20 Астраханское стандартное время
"onion_tests" time elapsed: 00:00:00
----------------------------------------------------------

4/17 Testing: cover_tests
4/17 Test: cover_tests
Command: "C:/mcp-test/aeromesh/build/core/tests/Release/aeromesh_cover_tests.exe"
Directory: C:/mcp-test/aeromesh/build/core/tests
"cover_tests" start time: Jun 10 08:20 Астраханское стандартное время
Output:
----------------------------------------------------------
fixed cadence when min == max
  [ ok ] first slot at start + interval
  [ ok ] no frame before the first slot
  [ ok ] exactly one frame at the due slot
  [ ok ] next slot rescheduled to +interval
  [ ok ] idle slot carries a dummy
  [ ok ] no frame between slots
  [ ok ] one frame at the second slot
  [ ok ] rescheduled again to +interval
no catch-up burst after a long idle gap
  [ ok ] only one frame emitted, not a backlog burst
  [ ok ] next slot rescheduled relative to now, not the missed slots
randomized delays stay within [min, max]
  [ ok ] every sampled delay is within [50, 150]
  [ ok ] delays vary (timing is actually randomized)
real packets ride scheduled slots (FIFO)
  [ ok ] enqueue first
  [ ok ] enqueue second
  [ ok ] two packets pending
  [ ok ] one frame per due slot
  [ ok ] slot 1 carries 'first' (FIFO)
  [ ok ] slot 2 carries 'second'
  [ ok ] slot 3 is a dummy (queue drained)
  [ ok ] queue fully drained
per-slot volume independent of load
  [ ok ] same frame count whether idle or busy (no volume leak)
oversize payload rejected
  [ ok ] payload over kMaxPayloadSize rejected
  [ ok ] rejected packet is not queued
queue is hard-capped at kMaxQueueDepth
  [ ok ] queue filled exactly to the cap
  [ ok ] scheduler reports full at the cap
  [ ok ] enqueue past the cap is refused
  [ ok ] refused packet did not grow the queue
same seed yields the same delay sequence
  [ ok ] identical seeds produce identical timing
  [ ok ] a different seed produces a different sequence

ALL TESTS PASSED
<end of output>
Test time =   0.02 sec
----------------------------------------------------------
Test Passed.
"cover_tests" end time: Jun 10 08:20 Астраханское стандартное время
"cover_tests" time elapsed: 00:00:00
----------------------------------------------------------

5/17 Testing: ratchet_tests
5/17 Test: ratchet_tests
Command: "C:/mcp-test/aeromesh/build/core/tests/Release/aeromesh_ratchet_tests.exe"
Directory: C:/mcp-test/aeromesh/build/core/tests
"ratchet_tests" start time: Jun 10 08:20 Астраханское стандартное время
Output:
----------------------------------------------------------
basic A->B round trip
  [ ok ] alice encrypts
  [ ok ] bob recovers plaintext
bidirectional ping-pong
  [ ok ] alice encrypts round
  [ ok ] bob decrypts round
  [ ok ] bob encrypts round
  [ ok ] alice decrypts round
  [ ok ] alice encrypts round
  [ ok ] bob decrypts round
  [ ok ] bob encrypts round
  [ ok ] alice decrypts round
  [ ok ] alice encrypts round
  [ ok ] bob decrypts round
  [ ok ] bob encrypts round
  [ ok ] alice decrypts round
  [ ok ] alice encrypts round
  [ ok ] bob decrypts round
  [ ok ] bob encrypts round
  [ ok ] alice decrypts round
out-of-order delivery
  [ ok ] alice encrypts three
  [ ok ] decrypt msg2 first (skips 0,1)
  [ ok ] decrypt cached msg0
  [ ok ] decrypt cached msg1
ciphertext tamper detection
  [ ok ] alice encrypts
  [ ok ] flipped ciphertext byte is rejected
associated-data binding
  [ ok ] alice encrypts with AD
  [ ok ] wrong AD is rejected
  [ ok ] correct AD decrypts

ALL TESTS PASSED
<end of output>
Test time =   0.02 sec
----------------------------------------------------------
Test Passed.
"ratchet_tests" end time: Jun 10 08:20 Астраханское стандартное время
"ratchet_tests" time elapsed: 00:00:00
----------------------------------------------------------

6/17 Testing: pq_tests
6/17 Test: pq_tests
Command: "C:/mcp-test/aeromesh/build/core/tests/Release/aeromesh_pq_tests.exe"
Directory: C:/mcp-test/aeromesh/build/core/tests
"pq_tests" start time: Jun 10 08:20 Астраханское стандартное время
Output:
----------------------------------------------------------
suite reporting (PQ ON)
  [ ok ] suite name is present
hybrid key agreement
  [ ok ] bob generates hybrid keys
  [ ok ] alice initiates
  [ ok ] bob responds
  [ ok ] both sides derive the same shared secret
  [ ok ] KEM ciphertext present when PQ enabled
session uniqueness
  [ ok ] two initiations succeed
  [ ok ] independent sessions yield distinct secrets
tamper breaks agreement
  [ ok ] tampered ephemeral key breaks agreement
hybrid secret seeds the Double Ratchet
  [ ok ] both ratchets initialize
  [ ok ] alice encrypts over hybrid-seeded ratchet
  [ ok ] bob decrypts -- hybrid handshake seeded the ratchet correctly

ALL TESTS PASSED
<end of output>
Test time =   0.02 sec
----------------------------------------------------------
Test Passed.
"pq_tests" end time: Jun 10 08:20 Астраханское стандартное время
"pq_tests" time elapsed: 00:00:00
----------------------------------------------------------

7/17 Testing: rs_tests
7/17 Test: rs_tests
Command: "C:/mcp-test/aeromesh/build/core/tests/Release/aeromesh_rs_tests.exe"
Directory: C:/mcp-test/aeromesh/build/core/tests
"rs_tests" start time: Jun 10 08:20 Астраханское стандартное время
Output:
----------------------------------------------------------
systematic layout
  [ ok ] create 4+2
  [ ok ] encode succeeds
  [ ok ] data shards unchanged (systematic)
erase 2 data shards (4+2)
  [ ok ] create
  [ ok ] encode
  [ ok ] reconstruct succeeds
  [ ok ] all shards match the originals
erase 2 parity shards (4+2)
  [ ok ] create
  [ ok ] encode
  [ ok ] reconstruct succeeds
  [ ok ] all shards match the originals
erase 1 data + 1 parity (4+2)
  [ ok ] create
  [ ok ] encode
  [ ok ] reconstruct succeeds
  [ ok ] all shards match the originals
erase 3 mixed shards (6+3)
  [ ok ] create
  [ ok ] encode
  [ ok ] reconstruct succeeds
  [ ok ] all shards match the originals
erase 4 mixed shards (10+4)
  [ ok ] create
  [ ok ] encode
  [ ok ] reconstruct succeeds
  [ ok ] all shards match the originals
too few shards rejected
  [ ok ] reconstruct rejects fewer than data_shards

ALL TESTS PASSED
<end of output>
Test time =   0.02 sec
----------------------------------------------------------
Test Passed.
"rs_tests" end time: Jun 10 08:20 Астраханское стандартное время
"rs_tests" time elapsed: 00:00:00
----------------------------------------------------------

8/17 Testing: file_tests
8/17 Test: file_tests
Command: "C:/mcp-test/aeromesh/build/core/tests/Release/aeromesh_file_tests.exe"
Directory: C:/mcp-test/aeromesh/build/core/tests
"file_tests" start time: Jun 10 08:20 Астраханское стандартное время
Output:
----------------------------------------------------------
round trip, all chunks present
  [ ok ] encode
  [ ok ] decode
  [ ok ] decoded file equals original
recover after dropping parity-budget chunks per stripe
  [ ok ] encode
  [ ok ] decode from survivors
  [ ok ] recovered file equals original
corrupted chunk is treated as missing
  [ ok ] encode
  [ ok ] decode despite 1 corrupt + 1 missing
  [ ok ] file intact after ignoring corruption
multi-stripe file
  [ ok ] encode
  [ ok ] stripe count = 3
  [ ok ] multi-stripe round trip
insufficient chunks rejected
  [ ok ] encode
  [ ok ] decode rejects too few chunks
tampered manifest hash detected
  [ ok ] encode
  [ ok ] decode rejects wrong file_id
single-byte file
  [ ok ] encode
  [ ok ] single byte round trip

ALL TESTS PASSED
<end of output>
Test time =   0.02 sec
----------------------------------------------------------
Test Passed.
"file_tests" end time: Jun 10 08:20 Астраханское стандартное время
"file_tests" time elapsed: 00:00:00
----------------------------------------------------------

9/17 Testing: ephemeral_tests
9/17 Test: ephemeral_tests
Command: "C:/mcp-test/aeromesh/build/core/tests/Release/aeromesh_ephemeral_tests.exe"
Directory: C:/mcp-test/aeromesh/build/core/tests
"ephemeral_tests" start time: Jun 10 08:20 Астраханское стандартное время
Output:
----------------------------------------------------------
put / get / contains
  [ ok ] put succeeds
  [ ok ] contains after put
  [ ok ] size == 1
  [ ok ] get returns the payload
duplicate / invalid params
  [ ok ] duplicate put rejected
  [ ok ] acks_required == 0 rejected
single-ack destroy
  [ ok ] ack destroys at required count
  [ ok ] entry gone after ack
  [ ok ] ack on destroyed entry is NotFound
multi-ack destroy
  [ ok ] 1st ack does not destroy
  [ ok ] 2nd ack does not destroy
  [ ok ] still present before final ack
  [ ok ] 3rd ack destroys
  [ ok ] gone after final ack
TTL expiry
  [ ok ] nothing collected before TTL
  [ ok ] still present before TTL
  [ ok ] one entry collected at TTL
  [ ok ] destroy reason is Expired
  [ ok ] entry wiped after TTL
next expiry scheduling
  [ ok ] no expiry when empty
  [ ok ] soonest remaining ms
manual destroy / wipe_all
  [ ok ] destroy returns true for present
  [ ok ] destroy returns false for absent
  [ ok ] wipe_all empties the store

ALL TESTS PASSED
<end of output>
Test time =   0.02 sec
----------------------------------------------------------
Test Passed.
"ephemeral_tests" end time: Jun 10 08:20 Астраханское стандартное время
"ephemeral_tests" time elapsed: 00:00:00
----------------------------------------------------------

10/17 Testing: transport_tests
10/17 Test: transport_tests
Command: "C:/mcp-test/aeromesh/build/core/tests/Release/aeromesh_transport_tests.exe"
Directory: C:/mcp-test/aeromesh/build/core/tests
"transport_tests" start time: Jun 10 08:20 Астраханское стандартное время
Output:
----------------------------------------------------------
constant-rate cover traffic
  [ ok ] 5 frames emitted over 5 slots
  [ ok ] all 5 are cover frames
  [ ok ] no real frames
  [ ok ] no catch-up burst: one frame despite a long idle gap
  [ ok ] no real packet dispatched from cover traffic
  [ ok ] receiver counts zero real
  [ ok ] receiver dropped all 5 dummies
real packet delivery + dispatch
  [ ok ] queue real packet
  [ ok ] one real frame sent
  [ ok ] no dummy on that slot
  [ ok ] handler invoked once
  [ ok ] payload preserved end to end
  [ ok ] source endpoint reported correctly
  [ ok ] one real packet received
send to unknown peer rejected
  [ ok ] send fails for unknown peer
  [ ok ] peer not registered
endpoint parse / to_string
  [ ok ] parse ipv4:port
  [ ok ] round-trip to_string
  [ ok ] parse bracketed ipv6
  [ ok ] reject missing port
  [ ok ] reject port 0
  [ ok ] reject port > 65535
  [ ok ] reject empty host

ALL TESTS PASSED
<end of output>
Test time =   0.02 sec
----------------------------------------------------------
Test Passed.
"transport_tests" end time: Jun 10 08:20 Астраханское стандартное время
"transport_tests" time elapsed: 00:00:00
----------------------------------------------------------

11/17 Testing: session_tests
11/17 Test: session_tests
Command: "C:/mcp-test/aeromesh/build/core/tests/Release/aeromesh_session_tests.exe"
Directory: C:/mcp-test/aeromesh/build/core/tests
"session_tests" start time: Jun 10 08:20 Астраханское стандартное время
Output:
----------------------------------------------------------
[ ok ] generate two identities
[ ok ] responder creates a signed bundle
[ ok ] initiator completes the handshake
[ ok ] responder accepts the initiation
[ ok ] Alice ends up with Bob's verified identity
[ ok ] Bob ends up with Alice's verified identity
[ ok ] Alice encrypts message 1
[ ok ] Bob decrypts message 1 correctly
[ ok ] Bob encrypts message 2
[ ok ] Alice decrypts message 2 correctly
[ ok ] rejects bundle pinned to the wrong identity
[ ok ] rejects a tampered bundle signature
[ ok ] setup: second responder bundle
[ ok ] setup: second initiation
[ ok ] responder rejects a tampered initiation
All secure session tests passed.
<end of output>
Test time =   0.02 sec
----------------------------------------------------------
Test Passed.
"session_tests" end time: Jun 10 08:20 Астраханское стандартное время
"session_tests" time elapsed: 00:00:00
----------------------------------------------------------

12/17 Testing: stun_tests
12/17 Test: stun_tests
Command: "C:/mcp-test/aeromesh/build/core/tests/Release/aeromesh_stun_tests.exe"
Directory: C:/mcp-test/aeromesh/build/core/tests
"stun_tests" start time: Jun 10 08:20 Астраханское стандартное время
Output:
----------------------------------------------------------
[ ok ] request type is Binding request 0x0001
[ ok ] request message length is 0
[ ok ] request carries the magic cookie
[ ok ] request embeds the transaction id
[ ok ] request reports its transaction id
[ ok ] hand-built XOR response parses
[ ok ] parsed host == 203.0.113.7
[ ok ] parsed port == 51234
[ ok ] plain MAPPED-ADDRESS parses to 192.0.2.1:4660
[ ok ] transaction id mismatch is rejected
[ ok ] non-success message type is rejected
[ ok ] short datagram is rejected as malformed
[ ok ] discover_reflexive_address succeeds
[ ok ] discovered host == 203.0.113.7
[ ok ] discovered port == 51234
[ ok ] exactly one Binding request was sent
[ ok ] request was sent to the STUN server
[ ok ] no response yields Timeout
all STUN tests passed
<end of output>
Test time =   0.02 sec
----------------------------------------------------------
Test Passed.
"stun_tests" end time: Jun 10 08:20 Астраханское стандартное время
"stun_tests" time elapsed: 00:00:00
----------------------------------------------------------

13/17 Testing: holepunch_tests
13/17 Test: holepunch_tests
Command: "C:/mcp-test/aeromesh/build/core/tests/Release/aeromesh_holepunch_tests.exe"
Directory: C:/mcp-test/aeromesh/build/core/tests
"holepunch_tests" start time: Jun 10 08:20 Астраханское стандартное время
Output:
----------------------------------------------------------
[ ok ] probe packet is the expected length
[ ok ] probe decodes as Probe
[ ok ] ack decodes as Ack
[ ok ] wrong token is rejected
[ ok ] bad magic is rejected
[ ok ] bad version is rejected
[ ok ] unknown type is rejected
[ ok ] short packet is rejected
[ ok ] first tick sends one probe
[ ok ] probe is sent to the peer
[ ok ] sent packet is a Probe
[ ok ] peer probe is consumed
[ ok ] still punching after only a probe
[ ok ] an ack was sent in response to the probe
[ ok ] the response packet is an Ack
[ ok ] ack establishes the session
[ ok ] confirmed peer is the sender
[ ok ] puncher fails after the timeout
[ ok ] peer A reaches Established
[ ok ] peer B reaches Established
[ ok ] A confirmed peer is B
[ ok ] B confirmed peer is A
all hole-punch tests passed
<end of output>
Test time =   0.02 sec
----------------------------------------------------------
Test Passed.
"holepunch_tests" end time: Jun 10 08:20 Астраханское стандартное время
"holepunch_tests" time elapsed: 00:00:00
----------------------------------------------------------

14/17 Testing: relay_tests
14/17 Test: relay_tests
Command: "C:/mcp-test/aeromesh/build/core/tests/Release/aeromesh_relay_tests.exe"
Directory: C:/mcp-test/aeromesh/build/core/tests
"relay_tests" start time: Jun 10 08:20 Астраханское стандартное время
Output:
----------------------------------------------------------
[ ok ] bind decodes with session
[ ok ] bind_ok decodes
[ ok ] data decodes with payload intact
[ ok ] bad magic is rejected
[ ok ] bad version is rejected
[ ok ] unknown type is rejected
[ ok ] short packet is rejected
[ ok ] one session after two binds
[ ok ] data from a non-member is not forwarded
[ ok ] data from a member is forwarded
[ ok ] client A is bound
[ ok ] client B is bound
[ ok ] A sends a payload while bound
[ ok ] B receives A's payload through the relay
[ ok ] B sends a payload while bound
[ ok ] A receives B's reply through the relay
[ ok ] send_payload fails before Bound
[ ok ] client fails after the bind timeout
all relay tests passed
<end of output>
Test time =   0.02 sec
----------------------------------------------------------
Test Passed.
"relay_tests" end time: Jun 10 08:20 Астраханское стандартное время
"relay_tests" time elapsed: 00:00:00
----------------------------------------------------------

15/17 Testing: link_tests
15/17 Test: link_tests
Command: "C:/mcp-test/aeromesh/build/core/tests/Release/aeromesh_link_tests.exe"
Directory: C:/mcp-test/aeromesh/build/core/tests
"link_tests" start time: Jun 10 08:20 Астраханское стандартное время
Output:
----------------------------------------------------------
[ ok ] identities generated
[ ok ] handshakes created
[ ok ] handshake completed on both sides
[ ok ] both sides produced keys
[ ok ] initiator tx matches responder rx
[ ok ] initiator rx matches responder tx
[ ok ] peer identities resolved
[ ok ] initiator authenticated bob
[ ok ] responder authenticated alice
[ ok ] packet encoded to frame
[ ok ] frame sealed
[ ok ] sealed frame is constant size
[ ok ] peer opened sealed frame
[ ok ] opened frame matches original
[ ok ] dummy frame sealed
[ ok ] dummy frame is same size as real frame
[ ok ] two frames sealed
[ ok ] later counter accepted first
[ ok ] earlier counter still accepted (reorder window)
[ ok ] replayed frame rejected
[ ok ] tampered frame rejected
[ ok ] frame not openable with wrong-direction key
[ ok ] msg1 produced
[ ok ] msg2 produced
[ ok ] impersonating responder rejected (identity mismatch)
[ ok ] msg2 produced
[ ok ] tampered handshake signature rejected
[ ok ] malformed handshake message rejected
[ ok ] wrong-size sealed frame rejected
<end of output>
Test time =   0.02 sec
----------------------------------------------------------
Test Passed.
"link_tests" end time: Jun 10 08:20 Астраханское стандартное время
"link_tests" time elapsed: 00:00:00
----------------------------------------------------------

16/17 Testing: vault_tests
16/17 Test: vault_tests
Command: "C:/mcp-test/aeromesh/build/core/tests/Release/aeromesh_vault_tests.exe"
Directory: C:/mcp-test/aeromesh/build/core/tests
"vault_tests" start time: Jun 10 08:20 Астраханское стандартное время
Output:
----------------------------------------------------------
[ ok ] seal succeeds with a strong password
[ ok ] open succeeds with the correct password
[ ok ] recovered secret matches the original
[ ok ] seal succeeds
[ ok ] open with wrong password is rejected
[ ok ] seal rejects a password shorter than the minimum
[ ok ] seal succeeds
[ ok ] tampered ciphertext fails authentication
[ ok ] seal succeeds
[ ok ] blob with bad magic is rejected as corrupt
[ ok ] truncated blob is rejected as corrupt
[ ok ] two seals succeed
[ ok ] sealing the same secret twice yields different blobs (random salt/nonce)
[ ok ] identity generated
[ ok ] real identity secret sealed
[ ok ] identity secret recovered, so the identity can be restored
[ ok ] deriveKey succeeds with a strong password
[ ok ] sealWithKey succeeds
[ ok ] saltOf recovers the salt embedded in the blob
[ ok ] openWithKey recovers the secret with the cached key
[ ok ] deriveKey produces a key
[ ok ] deriveKeyWithSalt reproduces the same key for the same salt
[ ok ] a different password yields a different key for the same salt
[ ok ] two keys derived
[ ok ] sealWithKey succeeds
[ ok ] openWithKey with the wrong key is rejected
[ ok ] deriveKey succeeds
[ ok ] wipe zeroes the key bytes
<end of output>
Test time =  37.39 sec
----------------------------------------------------------
Test Passed.
"vault_tests" end time: Jun 10 08:20 Астраханское стандартное время
"vault_tests" time elapsed: 00:00:37
----------------------------------------------------------

17/17 Testing: udp_tests
17/17 Test: udp_tests
Command: "C:/mcp-test/aeromesh/build/platform/tests/Release/aeromesh_udp_tests.exe"
Directory: C:/mcp-test/aeromesh/build/platform/tests
"udp_tests" start time: Jun 10 08:20 Астраханское стандартное время
Output:
----------------------------------------------------------
[ ok ] bind socket A on loopback
[ ok ] bind socket B on loopback
[ ok ] both sockets valid
[ ok ] socket A resolved an ephemeral port
[ ok ] socket B resolved an ephemeral port
[ ok ] send datagram A -> B
[ ok ] poll received a datagram on B
[ ok ] received size matches sent size
[ ok ] received bytes match sent bytes
[ ok ] source port matches sender's local port
All UDP socket tests passed.
<end of output>
Test time =   0.02 sec
----------------------------------------------------------
Test Passed.
"udp_tests" end time: Jun 10 08:20 Астраханское стандартное время
"udp_tests" time elapsed: 00:00:00
----------------------------------------------------------

End testing: Jun 10 08:20 Астраханское стандартное время
